# JRE version: OpenJDK Runtime Environment (24.0+36) (build 24+36-3646)
# Java VM: OpenJDK 64-Bit Server VM (24+36-3646, mixed mode, emulated-client, sharing, tiered, compressed oops, compressed class ptrs, g1 gc, windows-amd64)
GC Precious Log:
 CardTable entry size: 512
 Card Set container configuration: InlinePtr #cards 4 size 8 Array Of Cards #cards 16 size 48 Howl #buckets 8 coarsen threshold 3686 Howl Bitmap #cards 512 size 80 coarsen threshold 460 Card regions per heap region 1 cards per card region 4096
 CPUs: 12 total, 12 available
 Memory: 16076M
 Large Page Support: Disabled
 NUMA Support: Disabled
 Compressed Oops: Enabled (Zero based)
 Heap Region Size: 2M
 Heap Min Capacity: 8M
 Heap Initial Capacity: 252M
 Heap Max Capacity: 4020M
 Pre-touch: Disabled
 Parallel Workers: 10
 Concurrent Workers: 3
 Concurrent Refinement Workers: 10
 Periodic GC: Disabled
Heap:
 garbage-first heap   total reserved 4116480K, committed 69632K, used 20217K [0x0000000704c00000, 0x0000000800000000)
  region size 2048K, 4 young (8192K), 1 survivors (2048K)
 Metaspace       used 29521K, committed 30016K, reserved 1114112K
  class space    used 3412K, committed 3648K, reserved 1048576K
GC Heap History (8 events):
Event: 1.687 GC heap before
{Heap before GC invocations=0 (full 0):
 garbage-first heap   total reserved 4116480K, committed 260096K, used 48240K [0x0000000704c00000, 0x0000000800000000)
  region size 2048K, 24 young (49152K), 0 survivors (0K)
 Metaspace       used 11028K, committed 11264K, reserved 1114112K
  class space    used 1246K, committed 1344K, reserved 1048576K
}
Event: 1.697 GC heap after
{Heap after GC invocations=1 (full 0):
 garbage-first heap   total reserved 4116480K, committed 260096K, used 7528K [0x0000000704c00000, 0x0000000800000000)
  region size 2048K, 3 young (6144K), 3 survivors (6144K)
 Metaspace       used 11028K, committed 11264K, reserved 1114112K
  class space    used 1246K, committed 1344K, reserved 1048576K
}
Event: 2.898 GC heap before
{Heap before GC invocations=1 (full 0):
 garbage-first heap   total reserved 4116480K, committed 260096K, used 62824K [0x0000000704c00000, 0x0000000800000000)
  region size 2048K, 32 young (65536K), 3 survivors (6144K)
 Metaspace       used 21187K, committed 21504K, reserved 1114112K
  class space    used 2359K, committed 2496K, reserved 1048576K
}
Event: 2.911 GC heap after
{Heap after GC invocations=2 (full 0):
 garbage-first heap   total reserved 4116480K, committed 260096K, used 12091K [0x0000000704c00000, 0x0000000800000000)
  region size 2048K, 6 young (12288K), 6 survivors (12288K)
 Metaspace       used 21187K, committed 21504K, reserved 1114112K
  class space    used 2359K, committed 2496K, reserved 1048576K
}
Event: 3.814 GC heap before
{Heap before GC invocations=3 (full 0):
 garbage-first heap   total reserved 4116480K, committed 55296K, used 51003K [0x0000000704c00000, 0x0000000800000000)
  region size 2048K, 25 young (51200K), 6 survivors (12288K)
 Metaspace       used 26291K, committed 26752K, reserved 1114112K
  class space    used 3010K, committed 3200K, reserved 1048576K
}
Event: 3.832 GC heap after
{Heap after GC invocations=4 (full 0):
 garbage-first heap   total reserved 4116480K, committed 69632K, used 15325K [0x0000000704c00000, 0x0000000800000000)
  region size 2048K, 4 young (8192K), 4 survivors (8192K)
 Metaspace       used 26291K, committed 26752K, reserved 1114112K
  class space    used 3010K, committed 3200K, reserved 1048576K
}
Event: 131.446 GC heap before
{Heap before GC invocations=4 (full 0):
 garbage-first heap   total reserved 4116480K, committed 69632K, used 46045K [0x0000000704c00000, 0x0000000800000000)
  region size 2048K, 19 young (38912K), 4 survivors (8192K)
 Metaspace       used 29211K, committed 29696K, reserved 1114112K
  class space    used 3366K, committed 3584K, reserved 1048576K
}
Event: 131.468 GC heap after
{Heap after GC invocations=5 (full 0):
 garbage-first heap   total reserved 4116480K, committed 69632K, used 16121K [0x0000000704c00000, 0x0000000800000000)
  region size 2048K, 1 young (2048K), 1 survivors (2048K)
 Metaspace       used 29211K, committed 29696K, reserved 1114112K
  class space    used 3366K, committed 3584K, reserved 1048576K
}

